<?xml version="1.0" encoding="UTF-8"?>
<!-- Generated by org.testng.reporters.JUnitXMLReporter -->
<testsuite hostname="MININT-GO4K3F2" ignored="0" name="Test" tests="1" failures="1" timestamp="20 Dec 2018 16:28:41 GMT" time="0.044" errors="0">
  <testcase name="GridTest" time="0.0" classname="com.seleniumgrid.day4.SeleniumGridTests">
    <failure type="org.testng.TestNGException" message="
Parameter &amp;apos;browserType&amp;apos; is required by @Test on method GridTest but has not been marked @Optional or defined
in C:\Eclipse\Workspace\SeleniumGrid\testng.xml">
      <![CDATA[org.testng.TestNGException: 
Parameter 'browserType' is required by @Test on method GridTest but has not been marked @Optional or defined
in C:\Eclipse\Workspace\SeleniumGrid\testng.xml
... Removed 24 stack frames]]>
    </failure>
  </testcase> <!-- GridTest -->
</testsuite> <!-- Test -->
