<?xml version="1.0" encoding="UTF-8"?>
<testng-results skipped="0" failed="0" ignored="0" total="1" passed="1">
  <reporter-output>
  </reporter-output>
  <suite name="Suite" duration-ms="437" started-at="2018-12-21T19:18:06Z" finished-at="2018-12-21T19:18:07Z">
    <groups>
      <group name="cucumber">
        <method signature="AbstractTestNGCucumberTests.feature(cucumber.api.testng.CucumberFeatureWrapper)[pri:0, instance:POM.FMHerndonSMJ.Cucumer.TestRunner@4dfa3a9d]" name="feature" class="cucumber.api.testng.AbstractTestNGCucumberTests"/>
      </group> <!-- cucumber -->
    </groups>
    <test name="Test" duration-ms="437" started-at="2018-12-21T19:18:06Z" finished-at="2018-12-21T19:18:07Z">
      <class name="POM.FMHerndonSMJ.Cucumer.TestRunner">
        <test-method status="PASS" signature="setUpClass()[pri:0, instance:POM.FMHerndonSMJ.Cucumer.TestRunner@4dfa3a9d]" name="setUpClass" is-config="true" duration-ms="287" started-at="2018-12-21T19:18:06Z" finished-at="2018-12-21T19:18:06Z">
          <reporter-output>
          </reporter-output>
        </test-method> <!-- setUpClass -->
        <test-method status="PASS" signature="feature(cucumber.api.testng.CucumberFeatureWrapper)[pri:0, instance:POM.FMHerndonSMJ.Cucumer.TestRunner@4dfa3a9d]" name="feature" duration-ms="12" started-at="2018-12-21T19:18:07Z" description="Runs Cucumber Feature" data-provider="features" finished-at="2018-12-21T19:18:07Z">
          <params>
            <param index="0">
              <value>
                <![CDATA[Verify the Title of our Web application]]>
              </value>
            </param>
          </params>
          <reporter-output>
          </reporter-output>
        </test-method> <!-- feature -->
        <test-method status="PASS" signature="tearDownClass()[pri:0, instance:POM.FMHerndonSMJ.Cucumer.TestRunner@4dfa3a9d]" name="tearDownClass" is-config="true" duration-ms="15" started-at="2018-12-21T19:18:07Z" finished-at="2018-12-21T19:18:07Z">
          <reporter-output>
          </reporter-output>
        </test-method> <!-- tearDownClass -->
      </class> <!-- POM.FMHerndonSMJ.Cucumer.TestRunner -->
    </test> <!-- Test -->
  </suite> <!-- Suite -->
</testng-results>
